<?xml version="1.0" encoding="UTF-8"?>
<!-- Generated by org.testng.reporters.JUnitXMLReporter -->
<testsuite hostname="DeepikaHPLaptop" ignored="0" name="Default test" tests="3" failures="0" timestamp="2022-08-22T21:23:14 EDT" time="2.81" errors="0">
  <testcase name="createOneProduct" time="1.633" classname="testCases.CreateOneProduct"/>
  <testcase name="readAllProducts" time="0.746" classname="testCases.CreateOneProduct"/>
  <testcase name="readOneProduct" time="0.404" classname="testCases.CreateOneProduct"/>
</testsuite> <!-- Default test -->
