<?xml version="1.0" encoding="UTF-8"?>
<testng-results skipped="0" failed="0" ignored="0" total="4" passed="4">
  <reporter-output>
  </reporter-output>
  <suite name="Default suite" duration-ms="3387" started-at="2022-08-22T19:41:05 EDT" finished-at="2022-08-22T19:41:08 EDT">
    <groups>
    </groups>
    <test name="Default test" duration-ms="3387" started-at="2022-08-22T19:41:05 EDT" finished-at="2022-08-22T19:41:08 EDT">
      <class name="testCases.DeleteOneProduct">
        <test-method status="PASS" signature="createOneProduct()[pri:1, instance:testCases.DeleteOneProduct@69a3d1d]" name="createOneProduct" duration-ms="1861" started-at="2022-08-22T19:41:05 EDT" finished-at="2022-08-22T19:41:06 EDT">
          <reporter-output>
          </reporter-output>
        </test-method> <!-- createOneProduct -->
        <test-method status="PASS" signature="readAllProducts()[pri:2, instance:testCases.DeleteOneProduct@69a3d1d]" name="readAllProducts" duration-ms="739" started-at="2022-08-22T19:41:06 EDT" finished-at="2022-08-22T19:41:07 EDT">
          <reporter-output>
          </reporter-output>
        </test-method> <!-- readAllProducts -->
        <test-method status="PASS" signature="deleteOneProduct()[pri:3, instance:testCases.DeleteOneProduct@69a3d1d]" name="deleteOneProduct" duration-ms="372" started-at="2022-08-22T19:41:07 EDT" finished-at="2022-08-22T19:41:08 EDT">
          <reporter-output>
          </reporter-output>
        </test-method> <!-- deleteOneProduct -->
        <test-method status="PASS" signature="validateIfDeleted()[pri:4, instance:testCases.DeleteOneProduct@69a3d1d]" name="validateIfDeleted" duration-ms="391" started-at="2022-08-22T19:41:08 EDT" finished-at="2022-08-22T19:41:08 EDT">
          <reporter-output>
          </reporter-output>
        </test-method> <!-- validateIfDeleted -->
      </class> <!-- testCases.DeleteOneProduct -->
    </test> <!-- Default test -->
  </suite> <!-- Default suite -->
</testng-results>
