<?xml version="1.0" encoding="UTF-8"?>
<testng-results skipped="0" failed="0" ignored="0" total="3" passed="3">
  <reporter-output>
  </reporter-output>
  <suite name="Default suite" duration-ms="2810" started-at="2022-08-22T21:23:11 EDT" finished-at="2022-08-22T21:23:14 EDT">
    <groups>
    </groups>
    <test name="Default test" duration-ms="2810" started-at="2022-08-22T21:23:11 EDT" finished-at="2022-08-22T21:23:14 EDT">
      <class name="testCases.CreateOneProduct">
        <test-method status="PASS" signature="createOneProduct()[pri:1, instance:testCases.CreateOneProduct@69a3d1d]" name="createOneProduct" duration-ms="1633" started-at="2022-08-22T21:23:11 EDT" finished-at="2022-08-22T21:23:13 EDT">
          <reporter-output>
          </reporter-output>
        </test-method> <!-- createOneProduct -->
        <test-method status="PASS" signature="readAllProducts()[pri:2, instance:testCases.CreateOneProduct@69a3d1d]" name="readAllProducts" duration-ms="746" started-at="2022-08-22T21:23:13 EDT" finished-at="2022-08-22T21:23:14 EDT">
          <reporter-output>
          </reporter-output>
        </test-method> <!-- readAllProducts -->
        <test-method status="PASS" signature="readOneProduct()[pri:3, instance:testCases.CreateOneProduct@69a3d1d]" name="readOneProduct" duration-ms="404" started-at="2022-08-22T21:23:14 EDT" finished-at="2022-08-22T21:23:14 EDT">
          <reporter-output>
          </reporter-output>
        </test-method> <!-- readOneProduct -->
      </class> <!-- testCases.CreateOneProduct -->
    </test> <!-- Default test -->
  </suite> <!-- Default suite -->
</testng-results>
